<?xml version="1.0" encoding="UTF-8"?>
<testsuite name="tests.ReqresApiTests" tests="6" skipped="0" failures="0" errors="0" timestamp="2024-08-03T04:46:35" hostname=" serhiiP-MacBookPro-005890" time="2.028">
  <properties/>
  <testcase name="getListUsersTest" classname="tests.ReqresApiTests" time="0.913"/>
  <testcase name="getSingleUserNotFoundTest" classname="tests.ReqresApiTests" time="0.321"/>
  <testcase name="getSingleUserTest" classname="tests.ReqresApiTests" time="0.091"/>
  <testcase name="postCreateUserTest" classname="tests.ReqresApiTests" time="0.233"/>
  <testcase name="postLoginSuccessfulTest" classname="tests.ReqresApiTests" time="0.229"/>
  <testcase name="putUpdateTest" classname="tests.ReqresApiTests" time="0.197"/>
  <system-out><![CDATA[]]></system-out>
  <system-err><![CDATA[]]></system-err>
</testsuite>
